2019-02-18 10:09:24
<xml><ToUserName><![CDATA[gh_a21ca4a792c3]]></ToUserName>
<FromUserName><![CDATA[oYI0f1BcTBUBDlA5NLaqWl3mt1Ws]]></FromUserName>
<CreateTime>1550454449</CreateTime>
<MsgType><![CDATA[event]]></MsgType>
<Event><![CDATA[subscribe]]></Event>
<EventKey><![CDATA[]]></EventKey>
</xml>
<<<<<<<2019-02-18 10:09:56
<xml><ToUserName><![CDATA[gh_a21ca4a792c3]]></ToUserName>
<FromUserName><![CDATA[oYI0f1BcTBUBDlA5NLaqWl3mt1Ws]]></FromUserName>
<CreateTime>1550454449</CreateTime>
<MsgType><![CDATA[event]]></MsgType>
<Event><![CDATA[subscribe]]></Event>
<EventKey><![CDATA[]]></EventKey>
</xml>
<<<<<<<2019-02-18 10:10:01

<<<<<<<2019-02-18 10:10:06

<<<<<<<2019-02-18 10:10:19

<<<<<<<2019-02-18 10:14:36
<xml><ToUserName><![CDATA[gh_a21ca4a792c3]]></ToUserName>
<FromUserName><![CDATA[oYI0f1BcTBUBDlA5NLaqWl3mt1Ws]]></FromUserName>
<CreateTime>1550454449</CreateTime>
<MsgType><![CDATA[event]]></MsgType>
<Event><![CDATA[subscribe]]></Event>
<EventKey><![CDATA[]]></EventKey>
</xml>
<<<<<<<2019-02-18 16:25:09
<xml><ToUserName><![CDATA[gh_a21ca4a792c3]]></ToUserName>
<FromUserName><![CDATA[oYI0f1BcTBUBDlA5NLaqWl3mt1Ws]]></FromUserName>
<CreateTime>1550462711</CreateTime>
<MsgType><![CDATA[event]]></MsgType>
<Event><![CDATA[subscribe]]></Event>
<EventKey><![CDATA[]]></EventKey>
</xml>
<<<<<<<2019-02-19 14:14:12
<xml><ToUserName><![CDATA[gh_a21ca4a792c3]]></ToUserName>
<FromUserName><![CDATA[oYI0f1BcTBUBDlA5NLaqWl3mt1Ws]]></FromUserName>
<CreateTime>1550556524</CreateTime>
<MsgType><![CDATA[event]]></MsgType>
<Event><![CDATA[CLICK]]></Event>
<EventKey><![CDATA[get_content]]></EventKey>
</xml>
<<<<<<<2019-02-19 14:45:43
<xml><ToUserName><![CDATA[gh_a21ca4a792c3]]></ToUserName>
<FromUserName><![CDATA[oYI0f1BcTBUBDlA5NLaqWl3mt1Ws]]></FromUserName>
<CreateTime>1550556524</CreateTime>
<MsgType><![CDATA[event]]></MsgType>
<Event><![CDATA[CLICK]]></Event>
<EventKey><![CDATA[get_content]]></EventKey>
</xml>
<<<<<<<2019-02-19 14:52:46
<xml><ToUserName><![CDATA[gh_a21ca4a792c3]]></ToUserName>
<FromUserName><![CDATA[oYI0f1BcTBUBDlA5NLaqWl3mt1Ws]]></FromUserName>
<CreateTime>1550559138</CreateTime>
<MsgType><![CDATA[event]]></MsgType>
<Event><![CDATA[CLICK]]></Event>
<EventKey><![CDATA[get_content]]></EventKey>
</xml>
<<<<<<<2019-02-19 14:56:01
<xml><ToUserName><![CDATA[gh_a21ca4a792c3]]></ToUserName>
<FromUserName><![CDATA[oYI0f1BcTBUBDlA5NLaqWl3mt1Ws]]></FromUserName>
<CreateTime>1550559138</CreateTime>
<MsgType><![CDATA[event]]></MsgType>
<Event><![CDATA[CLICK]]></Event>
<EventKey><![CDATA[get_content]]></EventKey>
</xml>
<<<<<<<2019-02-19 14:56:49
<xml><ToUserName><![CDATA[gh_a21ca4a792c3]]></ToUserName>
<FromUserName><![CDATA[oYI0f1BcTBUBDlA5NLaqWl3mt1Ws]]></FromUserName>
<CreateTime>1550559138</CreateTime>
<MsgType><![CDATA[event]]></MsgType>
<Event><![CDATA[CLICK]]></Event>
<EventKey><![CDATA[get_content]]></EventKey>
</xml>
<<<<<<<2019-02-19 14:58:44
<xml><ToUserName><![CDATA[gh_a21ca4a792c3]]></ToUserName>
<FromUserName><![CDATA[oYI0f1BcTBUBDlA5NLaqWl3mt1Ws]]></FromUserName>
<CreateTime>1550559506</CreateTime>
<MsgType><![CDATA[event]]></MsgType>
<Event><![CDATA[CLICK]]></Event>
<EventKey><![CDATA[get_content]]></EventKey>
</xml>
<<<<<<<2019-02-19 14:59:46
<xml><ToUserName><![CDATA[gh_a21ca4a792c3]]></ToUserName>
<FromUserName><![CDATA[oYI0f1BcTBUBDlA5NLaqWl3mt1Ws]]></FromUserName>
<CreateTime>1550559506</CreateTime>
<MsgType><![CDATA[event]]></MsgType>
<Event><![CDATA[CLICK]]></Event>
<EventKey><![CDATA[get_content]]></EventKey>
</xml>
<<<<<<<2019-02-19 15:07:27
<xml><ToUserName><![CDATA[gh_a21ca4a792c3]]></ToUserName>
<FromUserName><![CDATA[oYI0f1BcTBUBDlA5NLaqWl3mt1Ws]]></FromUserName>
<CreateTime>1550559506</CreateTime>
<MsgType><![CDATA[event]]></MsgType>
<Event><![CDATA[CLICK]]></Event>
<EventKey><![CDATA[get_content]]></EventKey>
</xml>
<<<<<<<2019-02-19 15:12:11
<xml><ToUserName><![CDATA[gh_a21ca4a792c3]]></ToUserName>
<FromUserName><![CDATA[oYI0f1BcTBUBDlA5NLaqWl3mt1Ws]]></FromUserName>
<CreateTime>1550559506</CreateTime>
<MsgType><![CDATA[event]]></MsgType>
<Event><![CDATA[CLICK]]></Event>
<EventKey><![CDATA[get_content]]></EventKey>
</xml>
<<<<<<<2019-02-19 16:18:20
<xml><ToUserName><![CDATA[gh_a21ca4a792c3]]></ToUserName>
<FromUserName><![CDATA[oYI0f1BcTBUBDlA5NLaqWl3mt1Ws]]></FromUserName>
<CreateTime>1550563044</CreateTime>
<MsgType><![CDATA[text]]></MsgType>
<Content><![CDATA[abc]]></Content>
<MsgId>22198724815115717</MsgId>
</xml>
<<<<<<<2019-02-19 18:53:47
我们已经收到你的图片啦！
<<<<<<<2019-02-20 11:00:36
<xml><ToUserName><![CDATA[gh_a21ca4a792c3]]></ToUserName>
<FromUserName><![CDATA[oYI0f1BcTBUBDlA5NLaqWl3mt1Ws]]></FromUserName>
<CreateTime>1550631104</CreateTime>
<MsgType><![CDATA[voice]]></MsgType>
<MediaId><![CDATA[bu4EiCFyMkao4FdUrApGvxxPd88Ma137Yd-NXOASqzGK_JjRwmN4yxdXQTrODmBt]]></MediaId>
<Format><![CDATA[amr]]></Format>
<MsgId>22199701892255394</MsgId>
<Recognition><![CDATA[]]></Recognition>
</xml>
<<<<<<<2019-02-20 12:02:40
<xml><ToUserName><![CDATA[gh_a21ca4a792c3]]></ToUserName>
<FromUserName><![CDATA[oYI0f1BcTBUBDlA5NLaqWl3mt1Ws]]></FromUserName>
<CreateTime>1550634979</CreateTime>
<MsgType><![CDATA[event]]></MsgType>
<Event><![CDATA[subscribe]]></Event>
<EventKey><![CDATA[]]></EventKey>
</xml>
<<<<<<<2019-02-20 12:05:25
<xml><ToUserName><![CDATA[gh_a21ca4a792c3]]></ToUserName>
<FromUserName><![CDATA[oYI0f1BcTBUBDlA5NLaqWl3mt1Ws]]></FromUserName>
<CreateTime>1550634979</CreateTime>
<MsgType><![CDATA[event]]></MsgType>
<Event><![CDATA[subscribe]]></Event>
<EventKey><![CDATA[]]></EventKey>
</xml>
<<<<<<<2019-02-20 12:09:03
<xml><ToUserName><![CDATA[gh_a21ca4a792c3]]></ToUserName>
<FromUserName><![CDATA[oYI0f1BcTBUBDlA5NLaqWl3mt1Ws]]></FromUserName>
<CreateTime>1550634979</CreateTime>
<MsgType><![CDATA[event]]></MsgType>
<Event><![CDATA[subscribe]]></Event>
<EventKey><![CDATA[]]></EventKey>
</xml>
<<<<<<<2019-02-20 12:09:20
<xml><ToUserName><![CDATA[gh_a21ca4a792c3]]></ToUserName>
<FromUserName><![CDATA[oYI0f1BcTBUBDlA5NLaqWl3mt1Ws]]></FromUserName>
<CreateTime>1550634979</CreateTime>
<MsgType><![CDATA[event]]></MsgType>
<Event><![CDATA[subscribe]]></Event>
<EventKey><![CDATA[]]></EventKey>
</xml>
<<<<<<<2019-02-20 19:59:37
<xml><ToUserName><![CDATA[gh_a21ca4a792c3]]></ToUserName>
<FromUserName><![CDATA[oYI0f1BcTBUBDlA5NLaqWl3mt1Ws]]></FromUserName>
<CreateTime>1550662544</CreateTime>
<MsgType><![CDATA[image]]></MsgType>
<PicUrl><![CDATA[http://mmbiz.qpic.cn/mmbiz_jpg/MZ0I9ZxrYy1mFmJbsFUscmhjkrzKjgOOk5C0bMLv818UMt44Z2T4TJN0goRcBIyzptSTBwG0DhibT9blNuWPeicA/0]]></PicUrl>
<MsgId>22200153096096618</MsgId>
<MediaId><![CDATA[iGsJd0tnIUJKLA9v2t5tDzmRZO7WfGwKKmr5czthwsg9fAK9nOhSdlg93Do-MJHD]]></MediaId>
</xml>
<<<<<<<2019-02-20 20:07:53
<xml><ToUserName><![CDATA[gh_a21ca4a792c3]]></ToUserName>
<FromUserName><![CDATA[oYI0f1BcTBUBDlA5NLaqWl3mt1Ws]]></FromUserName>
<CreateTime>1550664020</CreateTime>
<MsgType><![CDATA[event]]></MsgType>
<Event><![CDATA[subscribe]]></Event>
<EventKey><![CDATA[]]></EventKey>
</xml>
<<<<<<<2019-02-20 20:10:48
<xml><ToUserName><![CDATA[gh_a21ca4a792c3]]></ToUserName>
<FromUserName><![CDATA[oYI0f1BcTBUBDlA5NLaqWl3mt1Ws]]></FromUserName>
<CreateTime>1550660441</CreateTime>
<MsgType><![CDATA[voice]]></MsgType>
<MediaId><![CDATA[_kaJDjbaL6NiYtfuv02R-SPe76fMI_saY19F2JZvkLmivYCdFxrCBzcnRIbNx_kL]]></MediaId>
<Format><![CDATA[amr]]></Format>
<MsgId>22200120449481386</MsgId>
<Recognition><![CDATA[]]></Recognition>
</xml>
<<<<<<<2019-02-20 20:12:00
<xml><ToUserName><![CDATA[gh_a21ca4a792c3]]></ToUserName>
<FromUserName><![CDATA[oYI0f1BcTBUBDlA5NLaqWl3mt1Ws]]></FromUserName>
<CreateTime>1550660471</CreateTime>
<MsgType><![CDATA[image]]></MsgType>
<PicUrl><![CDATA[http://mmbiz.qpic.cn/mmbiz_jpg/MZ0I9ZxrYy1mFmJbsFUscmhjkrzKjgOOH5sHD6wjsHxQwzvSmG75rMOsIvzWfWGqESwv9oAQmhpdNicJQRlqhDw/0]]></PicUrl>
<MsgId>22200119329846219</MsgId>
<MediaId><![CDATA[QqC8dSnmzOHm0HvA-uj5c4Lq-q2Ow2c0lM6_yDeaIbbS10G-tKIvhsr_oKgaNRtY]]></MediaId>
</xml>
<<<<<<<2019-02-20 20:13:11
<xml><ToUserName><![CDATA[gh_a21ca4a792c3]]></ToUserName>
<FromUserName><![CDATA[oYI0f1BcTBUBDlA5NLaqWl3mt1Ws]]></FromUserName>
<CreateTime>1550660441</CreateTime>
<MsgType><![CDATA[voice]]></MsgType>
<MediaId><![CDATA[_kaJDjbaL6NiYtfuv02R-SPe76fMI_saY19F2JZvkLmivYCdFxrCBzcnRIbNx_kL]]></MediaId>
<Format><![CDATA[amr]]></Format>
<MsgId>22200120449481386</MsgId>
<Recognition><![CDATA[]]></Recognition>
</xml>
<<<<<<<2019-02-21 08:33:28
<xml><ToUserName><![CDATA[gh_a21ca4a792c3]]></ToUserName>
<FromUserName><![CDATA[oYI0f1BcTBUBDlA5NLaqWl3mt1Ws]]></FromUserName>
<CreateTime>1550660441</CreateTime>
<MsgType><![CDATA[voice]]></MsgType>
<MediaId><![CDATA[_kaJDjbaL6NiYtfuv02R-SPe76fMI_saY19F2JZvkLmivYCdFxrCBzcnRIbNx_kL]]></MediaId>
<Format><![CDATA[amr]]></Format>
<MsgId>22200120449481386</MsgId>
<Recognition><![CDATA[]]></Recognition>
</xml>
<<<<<<<2019-02-21 09:31:50
<xml><ToUserName><![CDATA[gh_a21ca4a792c3]]></ToUserName>
<FromUserName><![CDATA[oYI0f1BcTBUBDlA5NLaqWl3mt1Ws]]></FromUserName>
<CreateTime>1550660441</CreateTime>

<Recognition><![CDATA[]]></Recognition>
</xml>
<<<<<<<2019-02-21 09:39:38
<xml><ToUserName><![CDATA[gh_a21ca4a792c3]]></ToUserName>
<FromUserName><![CDATA[oYI0f1BcTBUBDlA5NLaqWl3mt1Ws]]></FromUserName>
<CreateTime>1550710559</CreateTime>
<MsgType><![CDATA[video]]></MsgType>
<MediaId><![CDATA[NouheY8D50JV-eeb8eJsCO-nbiFjDRzOsJmlZLOny5dNfS4lDQbVV0kJZiJds1G5]]></MediaId>
<ThumbMediaId><![CDATA[Cdh1kDu0RkVd4iNSldOOPWTzQcVZP_PxBE_ErHyhxFDhhtDuBn7909XF6Ni5UDKh]]></ThumbMediaId>
<MsgId>22200837597182706</MsgId>
</xml>
<<<<<<<2019-02-21 09:49:06
<xml><ToUserName><![CDATA[gh_a21ca4a792c3]]></ToUserName>
<FromUserName><![CDATA[oYI0f1BcTBUBDlA5NLaqWl3mt1Ws]]></FromUserName>
<CreateTime>1550565619</CreateTime>
<MsgType><![CDATA[image]]></MsgType>
<PicUrl><![CDATA[http://mmbiz.qpic.cn/mmbiz_jpg/MZ0I9ZxrYy1Z0b6F42d2RP4sNqk9z90V5FnaFLBTYntDSjFHKpAdoR46DibPwWicBLEnpibLibpAZQcH2DKtQk6icew/0]]></PicUrl>
<MsgId>22198765712968639</MsgId>
<MediaId><![CDATA[5EO2P7X24DTTqqg6PxUJI7D3goHpM4d-baB-2DsyHxl3vdNxfHqC06o4dok_rO2e]]></MediaId>
</xml>
<<<<<<<