2019-02-26 16:03:15
<xml><appid><![CDATA[wxd5af665b240b75d4]]></appid>
<bank_type><![CDATA[CFT]]></bank_type>
<cash_fee><![CDATA[1]]></cash_fee>
<fee_type><![CDATA[CNY]]></fee_type>
<is_subscribe><![CDATA[N]]></is_subscribe>
<mch_id><![CDATA[1500086022]]></mch_id>
<nonce_str><![CDATA[C1d0yP35jx6yzo1y]]></nonce_str>
<openid><![CDATA[osZaFw2wmbQ5Qv1KQHNaK2IGAG6o]]></openid>
<out_trade_no><![CDATA[1902261343902213841]]></out_trade_no>
<result_code><![CDATA[SUCCESS]]></result_code>
<return_code><![CDATA[SUCCESS]]></return_code>
<sign><![CDATA[14B14084A2A3ECA7734AA415A99E7B4C]]></sign>
<time_end><![CDATA[20190226154815]]></time_end>
<total_fee>1</total_fee>
<trade_type><![CDATA[NATIVE]]></trade_type>
<transaction_id><![CDATA[4200000245201902260985045761]]></transaction_id>
</xml>
<<<<<<<2019-02-26 16:04:34
<xml><appid><![CDATA[wxd5af665b240b75d4]]></appid>
<bank_type><![CDATA[CFT]]></bank_type>
<cash_fee><![CDATA[1]]></cash_fee>
<fee_type><![CDATA[CNY]]></fee_type>
<is_subscribe><![CDATA[N]]></is_subscribe>
<mch_id><![CDATA[1500086022]]></mch_id>
<nonce_str><![CDATA[C1d0yP35jx6yzo1y]]></nonce_str>
<openid><![CDATA[osZaFw2wmbQ5Qv1KQHNaK2IGAG6o]]></openid>
<out_trade_no><![CDATA[1902261343902213841]]></out_trade_no>
<result_code><![CDATA[SUCCESS]]></result_code>
<return_code><![CDATA[SUCCESS]]></return_code>
<sign><![CDATA[14B14084A2A3ECA7734AA415A99E7B4C]]></sign>
<time_end><![CDATA[20190226154815]]></time_end>
<total_fee>1</total_fee>
<trade_type><![CDATA[NATIVE]]></trade_type>
<transaction_id><![CDATA[4200000245201902260985045761]]></transaction_id>
</xml>
<<<<<<<2019-02-26 16:05:42
<xml><appid><![CDATA[wxd5af665b240b75d4]]></appid>
<bank_type><![CDATA[CFT]]></bank_type>
<cash_fee><![CDATA[1]]></cash_fee>
<fee_type><![CDATA[CNY]]></fee_type>
<is_subscribe><![CDATA[N]]></is_subscribe>
<mch_id><![CDATA[1500086022]]></mch_id>
<nonce_str><![CDATA[XCyhZYDb5T370ikn]]></nonce_str>
<openid><![CDATA[osZaFw2wmbQ5Qv1KQHNaK2IGAG6o]]></openid>
<out_trade_no><![CDATA[1902261343902213842]]></out_trade_no>
<result_code><![CDATA[SUCCESS]]></result_code>
<return_code><![CDATA[SUCCESS]]></return_code>
<sign><![CDATA[A20B9D5D0565DFA8DEF7B1FAF090E5CF]]></sign>
<time_end><![CDATA[20190226160526]]></time_end>
<total_fee>1</total_fee>
<trade_type><![CDATA[NATIVE]]></trade_type>
<transaction_id><![CDATA[4200000257201902263423953838]]></transaction_id>
</xml>
<<<<<<<2019-02-26 16:06:24
<xml><appid><![CDATA[wxd5af665b240b75d4]]></appid>
<bank_type><![CDATA[CFT]]></bank_type>
<cash_fee><![CDATA[1]]></cash_fee>
<fee_type><![CDATA[CNY]]></fee_type>
<is_subscribe><![CDATA[N]]></is_subscribe>
<mch_id><![CDATA[1500086022]]></mch_id>
<nonce_str><![CDATA[XCyhZYDb5T370ikn]]></nonce_str>
<openid><![CDATA[osZaFw2wmbQ5Qv1KQHNaK2IGAG6o]]></openid>
<out_trade_no><![CDATA[1902261343902213842]]></out_trade_no>
<result_code><![CDATA[SUCCESS]]></result_code>
<return_code><![CDATA[SUCCESS]]></return_code>
<sign><![CDATA[A20B9D5D0565DFA8DEF7B1FAF090E5CF]]></sign>
<time_end><![CDATA[20190226160526]]></time_end>
<total_fee>1</total_fee>
<trade_type><![CDATA[NATIVE]]></trade_type>
<transaction_id><![CDATA[4200000257201902263423953838]]></transaction_id>
</xml>
<<<<<<<2019-02-26 16:07:25
<xml><appid><![CDATA[wxd5af665b240b75d4]]></appid>
<bank_type><![CDATA[CFT]]></bank_type>
<cash_fee><![CDATA[1]]></cash_fee>
<fee_type><![CDATA[CNY]]></fee_type>
<is_subscribe><![CDATA[N]]></is_subscribe>
<mch_id><![CDATA[1500086022]]></mch_id>
<nonce_str><![CDATA[XCyhZYDb5T370ikn]]></nonce_str>
<openid><![CDATA[osZaFw2wmbQ5Qv1KQHNaK2IGAG6o]]></openid>
<out_trade_no><![CDATA[1902261343902213842]]></out_trade_no>
<result_code><![CDATA[SUCCESS]]></result_code>
<return_code><![CDATA[SUCCESS]]></return_code>
<sign><![CDATA[A20B9D5D0565DFA8DEF7B1FAF090E5CF]]></sign>
<time_end><![CDATA[20190226160526]]></time_end>
<total_fee>1</total_fee>
<trade_type><![CDATA[NATIVE]]></trade_type>
<transaction_id><![CDATA[4200000257201902263423953838]]></transaction_id>
</xml>
<<<<<<<2019-02-26 16:07:45
<xml><appid><![CDATA[wxd5af665b240b75d4]]></appid>
<bank_type><![CDATA[CFT]]></bank_type>
<cash_fee><![CDATA[1]]></cash_fee>
<fee_type><![CDATA[CNY]]></fee_type>
<is_subscribe><![CDATA[N]]></is_subscribe>
<mch_id><![CDATA[1500086022]]></mch_id>
<nonce_str><![CDATA[XCyhZYDb5T370ikn]]></nonce_str>
<openid><![CDATA[osZaFw2wmbQ5Qv1KQHNaK2IGAG6o]]></openid>
<out_trade_no><![CDATA[1902261343902213842]]></out_trade_no>
<result_code><![CDATA[SUCCESS]]></result_code>
<return_code><![CDATA[SUCCESS]]></return_code>
<sign><![CDATA[A20B9D5D0565DFA8DEF7B1FAF090E5CF]]></sign>
<time_end><![CDATA[20190226160526]]></time_end>
<total_fee>1</total_fee>
<trade_type><![CDATA[NATIVE]]></trade_type>
<transaction_id><![CDATA[4200000257201902263423953838]]></transaction_id>
</xml>
<<<<<<<2019-02-26 16:08:42
<xml><appid><![CDATA[wxd5af665b240b75d4]]></appid>
<bank_type><![CDATA[CFT]]></bank_type>
<cash_fee><![CDATA[1]]></cash_fee>
<fee_type><![CDATA[CNY]]></fee_type>
<is_subscribe><![CDATA[N]]></is_subscribe>
<mch_id><![CDATA[1500086022]]></mch_id>
<nonce_str><![CDATA[XCyhZYDb5T370ikn]]></nonce_str>
<openid><![CDATA[osZaFw2wmbQ5Qv1KQHNaK2IGAG6o]]></openid>
<out_trade_no><![CDATA[1902261343902213842]]></out_trade_no>
<result_code><![CDATA[SUCCESS]]></result_code>
<return_code><![CDATA[SUCCESS]]></return_code>
<sign><![CDATA[A20B9D5D0565DFA8DEF7B1FAF090E5CF]]></sign>
<time_end><![CDATA[20190226160526]]></time_end>
<total_fee>1</total_fee>
<trade_type><![CDATA[NATIVE]]></trade_type>
<transaction_id><![CDATA[4200000257201902263423953838]]></transaction_id>
</xml>
<<<<<<<2019-02-26 16:15:44
<xml><appid><![CDATA[wxd5af665b240b75d4]]></appid>
<bank_type><![CDATA[CFT]]></bank_type>
<cash_fee><![CDATA[1]]></cash_fee>
<fee_type><![CDATA[CNY]]></fee_type>
<is_subscribe><![CDATA[N]]></is_subscribe>
<mch_id><![CDATA[1500086022]]></mch_id>
<nonce_str><![CDATA[XCyhZYDb5T370ikn]]></nonce_str>
<openid><![CDATA[osZaFw2wmbQ5Qv1KQHNaK2IGAG6o]]></openid>
<out_trade_no><![CDATA[1902261343902213842]]></out_trade_no>
<result_code><![CDATA[SUCCESS]]></result_code>
<return_code><![CDATA[SUCCESS]]></return_code>
<sign><![CDATA[A20B9D5D0565DFA8DEF7B1FAF090E5CF]]></sign>
<time_end><![CDATA[20190226160526]]></time_end>
<total_fee>1</total_fee>
<trade_type><![CDATA[NATIVE]]></trade_type>
<transaction_id><![CDATA[4200000257201902263423953838]]></transaction_id>
</xml>
<<<<<<<2019-02-26 16:16:33
<xml><appid><![CDATA[wxd5af665b240b75d4]]></appid>
<bank_type><![CDATA[CFT]]></bank_type>
<cash_fee><![CDATA[1]]></cash_fee>
<fee_type><![CDATA[CNY]]></fee_type>
<is_subscribe><![CDATA[N]]></is_subscribe>
<mch_id><![CDATA[1500086022]]></mch_id>
<nonce_str><![CDATA[XCyhZYDb5T370ikn]]></nonce_str>
<openid><![CDATA[osZaFw2wmbQ5Qv1KQHNaK2IGAG6o]]></openid>
<out_trade_no><![CDATA[1902261343902213842]]></out_trade_no>
<result_code><![CDATA[SUCCESS]]></result_code>
<return_code><![CDATA[SUCCESS]]></return_code>
<sign><![CDATA[A20B9D5D0565DFA8DEF7B1FAF090E5CF]]></sign>
<time_end><![CDATA[20190226160526]]></time_end>
<total_fee>1</total_fee>
<trade_type><![CDATA[NATIVE]]></trade_type>
<transaction_id><![CDATA[4200000257201902263423953838]]></transaction_id>
</xml>
<<<<<<<2019-02-26 16:16:51
<xml><appid><![CDATA[wxd5af665b240b75d4]]></appid>
<bank_type><![CDATA[CFT]]></bank_type>
<cash_fee><![CDATA[1]]></cash_fee>
<fee_type><![CDATA[CNY]]></fee_type>
<is_subscribe><![CDATA[N]]></is_subscribe>
<mch_id><![CDATA[1500086022]]></mch_id>
<nonce_str><![CDATA[XCyhZYDb5T370ikn]]></nonce_str>
<openid><![CDATA[osZaFw2wmbQ5Qv1KQHNaK2IGAG6o]]></openid>
<out_trade_no><![CDATA[1902261343902213842]]></out_trade_no>
<result_code><![CDATA[SUCCESS]]></result_code>
<return_code><![CDATA[SUCCESS]]></return_code>
<sign><![CDATA[A20B9D5D0565DFA8DEF7B1FAF090E5CF]]></sign>
<time_end><![CDATA[20190226160526]]></time_end>
<total_fee>1</total_fee>
<trade_type><![CDATA[NATIVE]]></trade_type>
<transaction_id><![CDATA[4200000257201902263423953838]]></transaction_id>
</xml>
<<<<<<<2019-02-26 16:18:15
<xml><appid><![CDATA[wxd5af665b240b75d4]]></appid>
<bank_type><![CDATA[CFT]]></bank_type>
<cash_fee><![CDATA[1]]></cash_fee>
<fee_type><![CDATA[CNY]]></fee_type>
<is_subscribe><![CDATA[N]]></is_subscribe>
<mch_id><![CDATA[1500086022]]></mch_id>
<nonce_str><![CDATA[XCyhZYDb5T370ikn]]></nonce_str>
<openid><![CDATA[osZaFw2wmbQ5Qv1KQHNaK2IGAG6o]]></openid>
<out_trade_no><![CDATA[1902261343902213842]]></out_trade_no>
<result_code><![CDATA[SUCCESS]]></result_code>
<return_code><![CDATA[SUCCESS]]></return_code>
<sign><![CDATA[A20B9D5D0565DFA8DEF7B1FAF090E5CF]]></sign>
<time_end><![CDATA[20190226160526]]></time_end>
<total_fee>1</total_fee>
<trade_type><![CDATA[NATIVE]]></trade_type>
<transaction_id><![CDATA[4200000257201902263423953838]]></transaction_id>
</xml>
<<<<<<<2019-02-26 16:18:26
<xml><appid><![CDATA[wxd5af665b240b75d4]]></appid>
<bank_type><![CDATA[CFT]]></bank_type>
<cash_fee><![CDATA[1]]></cash_fee>
<fee_type><![CDATA[CNY]]></fee_type>
<is_subscribe><![CDATA[N]]></is_subscribe>
<mch_id><![CDATA[1500086022]]></mch_id>
<nonce_str><![CDATA[XCyhZYDb5T370ikn]]></nonce_str>
<openid><![CDATA[osZaFw2wmbQ5Qv1KQHNaK2IGAG6o]]></openid>
<out_trade_no><![CDATA[1902261343902213842]]></out_trade_no>
<result_code><![CDATA[SUCCESS]]></result_code>
<return_code><![CDATA[SUCCESS]]></return_code>
<sign><![CDATA[A20B9D5D0565DFA8DEF7B1FAF090E5CF]]></sign>
<time_end><![CDATA[20190226160526]]></time_end>
<total_fee>1</total_fee>
<trade_type><![CDATA[NATIVE]]></trade_type>
<transaction_id><![CDATA[4200000257201902263423953838]]></transaction_id>
</xml>
<<<<<<<2019-02-26 16:19:06
<xml><appid><![CDATA[wxd5af665b240b75d4]]></appid>
<bank_type><![CDATA[CFT]]></bank_type>
<cash_fee><![CDATA[1]]></cash_fee>
<fee_type><![CDATA[CNY]]></fee_type>
<is_subscribe><![CDATA[N]]></is_subscribe>
<mch_id><![CDATA[1500086022]]></mch_id>
<nonce_str><![CDATA[XCyhZYDb5T370ikn]]></nonce_str>
<openid><![CDATA[osZaFw2wmbQ5Qv1KQHNaK2IGAG6o]]></openid>
<out_trade_no><![CDATA[1902261343902213842]]></out_trade_no>
<result_code><![CDATA[SUCCESS]]></result_code>
<return_code><![CDATA[SUCCESS]]></return_code>
<sign><![CDATA[A20B9D5D0565DFA8DEF7B1FAF090E5CF]]></sign>
<time_end><![CDATA[20190226160526]]></time_end>
<total_fee>1</total_fee>
<trade_type><![CDATA[NATIVE]]></trade_type>
<transaction_id><![CDATA[4200000257201902263423953838]]></transaction_id>
</xml>
<<<<<<<2019-02-26 16:20:24
<xml><appid><![CDATA[wxd5af665b240b75d4]]></appid>
<bank_type><![CDATA[CFT]]></bank_type>
<cash_fee><![CDATA[1]]></cash_fee>
<fee_type><![CDATA[CNY]]></fee_type>
<is_subscribe><![CDATA[N]]></is_subscribe>
<mch_id><![CDATA[1500086022]]></mch_id>
<nonce_str><![CDATA[XCyhZYDb5T370ikn]]></nonce_str>
<openid><![CDATA[osZaFw2wmbQ5Qv1KQHNaK2IGAG6o]]></openid>
<out_trade_no><![CDATA[1902261343902213842]]></out_trade_no>
<result_code><![CDATA[SUCCESS]]></result_code>
<return_code><![CDATA[SUCCESS]]></return_code>
<sign><![CDATA[A20B9D5D0565DFA8DEF7B1FAF090E5CF]]></sign>
<time_end><![CDATA[20190226160526]]></time_end>
<total_fee>1</total_fee>
<trade_type><![CDATA[NATIVE]]></trade_type>
<transaction_id><![CDATA[4200000257201902263423953838]]></transaction_id>
</xml>
<<<<<<<2019-02-26 16:20:26
<xml><appid><![CDATA[wxd5af665b240b75d4]]></appid>
<bank_type><![CDATA[CFT]]></bank_type>
<cash_fee><![CDATA[1]]></cash_fee>
<fee_type><![CDATA[CNY]]></fee_type>
<is_subscribe><![CDATA[N]]></is_subscribe>
<mch_id><![CDATA[1500086022]]></mch_id>
<nonce_str><![CDATA[XCyhZYDb5T370ikn]]></nonce_str>
<openid><![CDATA[osZaFw2wmbQ5Qv1KQHNaK2IGAG6o]]></openid>
<out_trade_no><![CDATA[1902261343902213842]]></out_trade_no>
<result_code><![CDATA[SUCCESS]]></result_code>
<return_code><![CDATA[SUCCESS]]></return_code>
<sign><![CDATA[A20B9D5D0565DFA8DEF7B1FAF090E5CF]]></sign>
<time_end><![CDATA[20190226160526]]></time_end>
<total_fee>1</total_fee>
<trade_type><![CDATA[NATIVE]]></trade_type>
<transaction_id><![CDATA[4200000257201902263423953838]]></transaction_id>
</xml>
<<<<<<<2019-02-26 16:20:27
<xml><appid><![CDATA[wxd5af665b240b75d4]]></appid>
<bank_type><![CDATA[CFT]]></bank_type>
<cash_fee><![CDATA[1]]></cash_fee>
<fee_type><![CDATA[CNY]]></fee_type>
<is_subscribe><![CDATA[N]]></is_subscribe>
<mch_id><![CDATA[1500086022]]></mch_id>
<nonce_str><![CDATA[XCyhZYDb5T370ikn]]></nonce_str>
<openid><![CDATA[osZaFw2wmbQ5Qv1KQHNaK2IGAG6o]]></openid>
<out_trade_no><![CDATA[1902261343902213842]]></out_trade_no>
<result_code><![CDATA[SUCCESS]]></result_code>
<return_code><![CDATA[SUCCESS]]></return_code>
<sign><![CDATA[A20B9D5D0565DFA8DEF7B1FAF090E5CF]]></sign>
<time_end><![CDATA[20190226160526]]></time_end>
<total_fee>1</total_fee>
<trade_type><![CDATA[NATIVE]]></trade_type>
<transaction_id><![CDATA[4200000257201902263423953838]]></transaction_id>
</xml>
<<<<<<<2019-02-26 16:20:28
<xml><appid><![CDATA[wxd5af665b240b75d4]]></appid>
<bank_type><![CDATA[CFT]]></bank_type>
<cash_fee><![CDATA[1]]></cash_fee>
<fee_type><![CDATA[CNY]]></fee_type>
<is_subscribe><![CDATA[N]]></is_subscribe>
<mch_id><![CDATA[1500086022]]></mch_id>
<nonce_str><![CDATA[XCyhZYDb5T370ikn]]></nonce_str>
<openid><![CDATA[osZaFw2wmbQ5Qv1KQHNaK2IGAG6o]]></openid>
<out_trade_no><![CDATA[1902261343902213842]]></out_trade_no>
<result_code><![CDATA[SUCCESS]]></result_code>
<return_code><![CDATA[SUCCESS]]></return_code>
<sign><![CDATA[A20B9D5D0565DFA8DEF7B1FAF090E5CF]]></sign>
<time_end><![CDATA[20190226160526]]></time_end>
<total_fee>1</total_fee>
<trade_type><![CDATA[NATIVE]]></trade_type>
<transaction_id><![CDATA[4200000257201902263423953838]]></transaction_id>
</xml>
<<<<<<<2019-02-26 16:20:28
<xml><appid><![CDATA[wxd5af665b240b75d4]]></appid>
<bank_type><![CDATA[CFT]]></bank_type>
<cash_fee><![CDATA[1]]></cash_fee>
<fee_type><![CDATA[CNY]]></fee_type>
<is_subscribe><![CDATA[N]]></is_subscribe>
<mch_id><![CDATA[1500086022]]></mch_id>
<nonce_str><![CDATA[XCyhZYDb5T370ikn]]></nonce_str>
<openid><![CDATA[osZaFw2wmbQ5Qv1KQHNaK2IGAG6o]]></openid>
<out_trade_no><![CDATA[1902261343902213842]]></out_trade_no>
<result_code><![CDATA[SUCCESS]]></result_code>
<return_code><![CDATA[SUCCESS]]></return_code>
<sign><![CDATA[A20B9D5D0565DFA8DEF7B1FAF090E5CF]]></sign>
<time_end><![CDATA[20190226160526]]></time_end>
<total_fee>1</total_fee>
<trade_type><![CDATA[NATIVE]]></trade_type>
<transaction_id><![CDATA[4200000257201902263423953838]]></transaction_id>
</xml>
<<<<<<<2019-02-26 16:20:28
<xml><appid><![CDATA[wxd5af665b240b75d4]]></appid>
<bank_type><![CDATA[CFT]]></bank_type>
<cash_fee><![CDATA[1]]></cash_fee>
<fee_type><![CDATA[CNY]]></fee_type>
<is_subscribe><![CDATA[N]]></is_subscribe>
<mch_id><![CDATA[1500086022]]></mch_id>
<nonce_str><![CDATA[XCyhZYDb5T370ikn]]></nonce_str>
<openid><![CDATA[osZaFw2wmbQ5Qv1KQHNaK2IGAG6o]]></openid>
<out_trade_no><![CDATA[1902261343902213842]]></out_trade_no>
<result_code><![CDATA[SUCCESS]]></result_code>
<return_code><![CDATA[SUCCESS]]></return_code>
<sign><![CDATA[A20B9D5D0565DFA8DEF7B1FAF090E5CF]]></sign>
<time_end><![CDATA[20190226160526]]></time_end>
<total_fee>1</total_fee>
<trade_type><![CDATA[NATIVE]]></trade_type>
<transaction_id><![CDATA[4200000257201902263423953838]]></transaction_id>
</xml>
<<<<<<<2019-02-26 16:20:29
<xml><appid><![CDATA[wxd5af665b240b75d4]]></appid>
<bank_type><![CDATA[CFT]]></bank_type>
<cash_fee><![CDATA[1]]></cash_fee>
<fee_type><![CDATA[CNY]]></fee_type>
<is_subscribe><![CDATA[N]]></is_subscribe>
<mch_id><![CDATA[1500086022]]></mch_id>
<nonce_str><![CDATA[XCyhZYDb5T370ikn]]></nonce_str>
<openid><![CDATA[osZaFw2wmbQ5Qv1KQHNaK2IGAG6o]]></openid>
<out_trade_no><![CDATA[1902261343902213842]]></out_trade_no>
<result_code><![CDATA[SUCCESS]]></result_code>
<return_code><![CDATA[SUCCESS]]></return_code>
<sign><![CDATA[A20B9D5D0565DFA8DEF7B1FAF090E5CF]]></sign>
<time_end><![CDATA[20190226160526]]></time_end>
<total_fee>1</total_fee>
<trade_type><![CDATA[NATIVE]]></trade_type>
<transaction_id><![CDATA[4200000257201902263423953838]]></transaction_id>
</xml>
<<<<<<<2019-02-26 16:21:12
<xml><appid><![CDATA[wxd5af665b240b75d4]]></appid>
<bank_type><![CDATA[CFT]]></bank_type>
<cash_fee><![CDATA[1]]></cash_fee>
<fee_type><![CDATA[CNY]]></fee_type>
<is_subscribe><![CDATA[N]]></is_subscribe>
<mch_id><![CDATA[1500086022]]></mch_id>
<nonce_str><![CDATA[XCyhZYDb5T370ikn]]></nonce_str>
<openid><![CDATA[osZaFw2wmbQ5Qv1KQHNaK2IGAG6o]]></openid>
<out_trade_no><![CDATA[1902261343902213842]]></out_trade_no>
<result_code><![CDATA[SUCCESS]]></result_code>
<return_code><![CDATA[SUCCESS]]></return_code>
<sign><![CDATA[A20B9D5D0565DFA8DEF7B1FAF090E5CF]]></sign>
<time_end><![CDATA[20190226160526]]></time_end>
<total_fee>1</total_fee>
<trade_type><![CDATA[NATIVE]]></trade_type>
<transaction_id><![CDATA[4200000257201902263423953838]]></transaction_id>
</xml>
<<<<<<<2019-02-26 16:21:13
<xml><appid><![CDATA[wxd5af665b240b75d4]]></appid>
<bank_type><![CDATA[CFT]]></bank_type>
<cash_fee><![CDATA[1]]></cash_fee>
<fee_type><![CDATA[CNY]]></fee_type>
<is_subscribe><![CDATA[N]]></is_subscribe>
<mch_id><![CDATA[1500086022]]></mch_id>
<nonce_str><![CDATA[XCyhZYDb5T370ikn]]></nonce_str>
<openid><![CDATA[osZaFw2wmbQ5Qv1KQHNaK2IGAG6o]]></openid>
<out_trade_no><![CDATA[1902261343902213842]]></out_trade_no>
<result_code><![CDATA[SUCCESS]]></result_code>
<return_code><![CDATA[SUCCESS]]></return_code>
<sign><![CDATA[A20B9D5D0565DFA8DEF7B1FAF090E5CF]]></sign>
<time_end><![CDATA[20190226160526]]></time_end>
<total_fee>1</total_fee>
<trade_type><![CDATA[NATIVE]]></trade_type>
<transaction_id><![CDATA[4200000257201902263423953838]]></transaction_id>
</xml>
<<<<<<<2019-02-26 16:22:18
<xml><appid><![CDATA[wxd5af665b240b75d4]]></appid>
<bank_type><![CDATA[CFT]]></bank_type>
<cash_fee><![CDATA[1]]></cash_fee>
<fee_type><![CDATA[CNY]]></fee_type>
<is_subscribe><![CDATA[N]]></is_subscribe>
<mch_id><![CDATA[1500086022]]></mch_id>
<nonce_str><![CDATA[XCyhZYDb5T370ikn]]></nonce_str>
<openid><![CDATA[osZaFw2wmbQ5Qv1KQHNaK2IGAG6o]]></openid>
<out_trade_no><![CDATA[1902261343902213842]]></out_trade_no>
<result_code><![CDATA[SUCCESS]]></result_code>
<return_code><![CDATA[SUCCESS]]></return_code>
<sign><![CDATA[A20B9D5D0565DFA8DEF7B1FAF090E5CF]]></sign>
<time_end><![CDATA[20190226160526]]></time_end>
<total_fee>1</total_fee>
<trade_type><![CDATA[NATIVE]]></trade_type>
<transaction_id><![CDATA[4200000257201902263423953838]]></transaction_id>
</xml>
<<<<<<<2019-02-26 16:23:07
<xml><appid><![CDATA[wxd5af665b240b75d4]]></appid>
<bank_type><![CDATA[CFT]]></bank_type>
<cash_fee><![CDATA[1]]></cash_fee>
<fee_type><![CDATA[CNY]]></fee_type>
<is_subscribe><![CDATA[N]]></is_subscribe>
<mch_id><![CDATA[1500086022]]></mch_id>
<nonce_str><![CDATA[XCyhZYDb5T370ikn]]></nonce_str>
<openid><![CDATA[osZaFw2wmbQ5Qv1KQHNaK2IGAG6o]]></openid>
<out_trade_no><![CDATA[1902261343902213842]]></out_trade_no>
<result_code><![CDATA[SUCCESS]]></result_code>
<return_code><![CDATA[SUCCESS]]></return_code>
<sign><![CDATA[A20B9D5D0565DFA8DEF7B1FAF090E5CF]]></sign>
<time_end><![CDATA[20190226160526]]></time_end>
<total_fee>1</total_fee>
<trade_type><![CDATA[NATIVE]]></trade_type>
<transaction_id><![CDATA[4200000257201902263423953838]]></transaction_id>
</xml>
<<<<<<<2019-02-26 16:24:55
<xml><appid><![CDATA[wxd5af665b240b75d4]]></appid>
<bank_type><![CDATA[CFT]]></bank_type>
<cash_fee><![CDATA[1]]></cash_fee>
<fee_type><![CDATA[CNY]]></fee_type>
<is_subscribe><![CDATA[N]]></is_subscribe>
<mch_id><![CDATA[1500086022]]></mch_id>
<nonce_str><![CDATA[XCyhZYDb5T370ikn]]></nonce_str>
<openid><![CDATA[osZaFw2wmbQ5Qv1KQHNaK2IGAG6o]]></openid>
<out_trade_no><![CDATA[1902261343902213842]]></out_trade_no>
<result_code><![CDATA[SUCCESS]]></result_code>
<return_code><![CDATA[SUCCESS]]></return_code>
<sign><![CDATA[A20B9D5D0565DFA8DEF7B1FAF090E5CF]]></sign>
<time_end><![CDATA[20190226160526]]></time_end>
<total_fee>1</total_fee>
<trade_type><![CDATA[NATIVE]]></trade_type>
<transaction_id><![CDATA[4200000257201902263423953838]]></transaction_id>
</xml>
<<<<<<<2019-02-26 16:25:14
<xml><appid><![CDATA[wxd5af665b240b75d4]]></appid>
<bank_type><![CDATA[CFT]]></bank_type>
<cash_fee><![CDATA[1]]></cash_fee>
<fee_type><![CDATA[CNY]]></fee_type>
<is_subscribe><![CDATA[N]]></is_subscribe>
<mch_id><![CDATA[1500086022]]></mch_id>
<nonce_str><![CDATA[XCyhZYDb5T370ikn]]></nonce_str>
<openid><![CDATA[osZaFw2wmbQ5Qv1KQHNaK2IGAG6o]]></openid>
<out_trade_no><![CDATA[1902261343902213842]]></out_trade_no>
<result_code><![CDATA[SUCCESS]]></result_code>
<return_code><![CDATA[SUCCESS]]></return_code>
<sign><![CDATA[A20B9D5D0565DFA8DEF7B1FAF090E5CF]]></sign>
<time_end><![CDATA[20190226160526]]></time_end>
<total_fee>1</total_fee>
<trade_type><![CDATA[NATIVE]]></trade_type>
<transaction_id><![CDATA[4200000257201902263423953838]]></transaction_id>
</xml>
<<<<<<<2019-02-26 16:25:15
<xml><appid><![CDATA[wxd5af665b240b75d4]]></appid>
<bank_type><![CDATA[CFT]]></bank_type>
<cash_fee><![CDATA[1]]></cash_fee>
<fee_type><![CDATA[CNY]]></fee_type>
<is_subscribe><![CDATA[N]]></is_subscribe>
<mch_id><![CDATA[1500086022]]></mch_id>
<nonce_str><![CDATA[XCyhZYDb5T370ikn]]></nonce_str>
<openid><![CDATA[osZaFw2wmbQ5Qv1KQHNaK2IGAG6o]]></openid>
<out_trade_no><![CDATA[1902261343902213842]]></out_trade_no>
<result_code><![CDATA[SUCCESS]]></result_code>
<return_code><![CDATA[SUCCESS]]></return_code>
<sign><![CDATA[A20B9D5D0565DFA8DEF7B1FAF090E5CF]]></sign>
<time_end><![CDATA[20190226160526]]></time_end>
<total_fee>1</total_fee>
<trade_type><![CDATA[NATIVE]]></trade_type>
<transaction_id><![CDATA[4200000257201902263423953838]]></transaction_id>
</xml>
<<<<<<<2019-02-26 16:25:16
<xml><appid><![CDATA[wxd5af665b240b75d4]]></appid>
<bank_type><![CDATA[CFT]]></bank_type>
<cash_fee><![CDATA[1]]></cash_fee>
<fee_type><![CDATA[CNY]]></fee_type>
<is_subscribe><![CDATA[N]]></is_subscribe>
<mch_id><![CDATA[1500086022]]></mch_id>
<nonce_str><![CDATA[XCyhZYDb5T370ikn]]></nonce_str>
<openid><![CDATA[osZaFw2wmbQ5Qv1KQHNaK2IGAG6o]]></openid>
<out_trade_no><![CDATA[1902261343902213842]]></out_trade_no>
<result_code><![CDATA[SUCCESS]]></result_code>
<return_code><![CDATA[SUCCESS]]></return_code>
<sign><![CDATA[A20B9D5D0565DFA8DEF7B1FAF090E5CF]]></sign>
<time_end><![CDATA[20190226160526]]></time_end>
<total_fee>1</total_fee>
<trade_type><![CDATA[NATIVE]]></trade_type>
<transaction_id><![CDATA[4200000257201902263423953838]]></transaction_id>
</xml>
<<<<<<<2019-02-26 16:25:26
<xml><appid><![CDATA[wxd5af665b240b75d4]]></appid>
<bank_type><![CDATA[CFT]]></bank_type>
<cash_fee><![CDATA[1]]></cash_fee>
<fee_type><![CDATA[CNY]]></fee_type>
<is_subscribe><![CDATA[N]]></is_subscribe>
<mch_id><![CDATA[1500086022]]></mch_id>
<nonce_str><![CDATA[XCyhZYDb5T370ikn]]></nonce_str>
<openid><![CDATA[osZaFw2wmbQ5Qv1KQHNaK2IGAG6o]]></openid>
<out_trade_no><![CDATA[1902261343902213842]]></out_trade_no>
<result_code><![CDATA[SUCCESS]]></result_code>
<return_code><![CDATA[SUCCESS]]></return_code>
<sign><![CDATA[A20B9D5D0565DFA8DEF7B1FAF090E5CF]]></sign>
<time_end><![CDATA[20190226160526]]></time_end>
<total_fee>1</total_fee>
<trade_type><![CDATA[NATIVE]]></trade_type>
<transaction_id><![CDATA[4200000257201902263423953838]]></transaction_id>
</xml>
<<<<<<<2019-02-26 16:28:29
<xml><appid><![CDATA[wxd5af665b240b75d4]]></appid>
<bank_type><![CDATA[CFT]]></bank_type>
<cash_fee><![CDATA[1]]></cash_fee>
<fee_type><![CDATA[CNY]]></fee_type>
<is_subscribe><![CDATA[N]]></is_subscribe>
<mch_id><![CDATA[1500086022]]></mch_id>
<nonce_str><![CDATA[XCyhZYDb5T370ikn]]></nonce_str>
<openid><![CDATA[osZaFw2wmbQ5Qv1KQHNaK2IGAG6o]]></openid>
<out_trade_no><![CDATA[1902261343902213842]]></out_trade_no>
<result_code><![CDATA[SUCCESS]]></result_code>
<return_code><![CDATA[SUCCESS]]></return_code>
<sign><![CDATA[A20B9D5D0565DFA8DEF7B1FAF090E5CF]]></sign>
<time_end><![CDATA[20190226160526]]></time_end>
<total_fee>1</total_fee>
<trade_type><![CDATA[NATIVE]]></trade_type>
<transaction_id><![CDATA[4200000257201902263423953838]]></transaction_id>
</xml>
<<<<<<<2019-02-26 16:28:30
<xml><appid><![CDATA[wxd5af665b240b75d4]]></appid>
<bank_type><![CDATA[CFT]]></bank_type>
<cash_fee><![CDATA[1]]></cash_fee>
<fee_type><![CDATA[CNY]]></fee_type>
<is_subscribe><![CDATA[N]]></is_subscribe>
<mch_id><![CDATA[1500086022]]></mch_id>
<nonce_str><![CDATA[XCyhZYDb5T370ikn]]></nonce_str>
<openid><![CDATA[osZaFw2wmbQ5Qv1KQHNaK2IGAG6o]]></openid>
<out_trade_no><![CDATA[1902261343902213842]]></out_trade_no>
<result_code><![CDATA[SUCCESS]]></result_code>
<return_code><![CDATA[SUCCESS]]></return_code>
<sign><![CDATA[A20B9D5D0565DFA8DEF7B1FAF090E5CF]]></sign>
<time_end><![CDATA[20190226160526]]></time_end>
<total_fee>1</total_fee>
<trade_type><![CDATA[NATIVE]]></trade_type>
<transaction_id><![CDATA[4200000257201902263423953838]]></transaction_id>
</xml>
<<<<<<<2019-02-26 16:31:57
<xml><appid><![CDATA[wxd5af665b240b75d4]]></appid>
<bank_type><![CDATA[CFT]]></bank_type>
<cash_fee><![CDATA[1]]></cash_fee>
<fee_type><![CDATA[CNY]]></fee_type>
<is_subscribe><![CDATA[N]]></is_subscribe>
<mch_id><![CDATA[1500086022]]></mch_id>
<nonce_str><![CDATA[XCyhZYDb5T370ikn]]></nonce_str>
<openid><![CDATA[osZaFw2wmbQ5Qv1KQHNaK2IGAG6o]]></openid>
<out_trade_no><![CDATA[1902261343902213842]]></out_trade_no>
<result_code><![CDATA[SUCCESS]]></result_code>
<return_code><![CDATA[SUCCESS]]></return_code>
<sign><![CDATA[A20B9D5D0565DFA8DEF7B1FAF090E5CF]]></sign>
<time_end><![CDATA[20190226160526]]></time_end>
<total_fee>1</total_fee>
<trade_type><![CDATA[NATIVE]]></trade_type>
<transaction_id><![CDATA[4200000257201902263423953838]]></transaction_id>
</xml>
<<<<<<<2019-02-26 16:32:03
<xml><appid><![CDATA[wxd5af665b240b75d4]]></appid>
<bank_type><![CDATA[CFT]]></bank_type>
<cash_fee><![CDATA[1]]></cash_fee>
<fee_type><![CDATA[CNY]]></fee_type>
<is_subscribe><![CDATA[N]]></is_subscribe>
<mch_id><![CDATA[1500086022]]></mch_id>
<nonce_str><![CDATA[XCyhZYDb5T370ikn]]></nonce_str>
<openid><![CDATA[osZaFw2wmbQ5Qv1KQHNaK2IGAG6o]]></openid>
<out_trade_no><![CDATA[1902261343902213842]]></out_trade_no>
<result_code><![CDATA[SUCCESS]]></result_code>
<return_code><![CDATA[SUCCESS]]></return_code>
<sign><![CDATA[A20B9D5D0565DFA8DEF7B1FAF090E5CF]]></sign>
<time_end><![CDATA[20190226160526]]></time_end>
<total_fee>1</total_fee>
<trade_type><![CDATA[NATIVE]]></trade_type>
<transaction_id><![CDATA[4200000257201902263423953838]]></transaction_id>
</xml>
<<<<<<<2019-02-26 16:46:42
<xml><appid><![CDATA[wxd5af665b240b75d4]]></appid>
<bank_type><![CDATA[CFT]]></bank_type>
<cash_fee><![CDATA[1]]></cash_fee>
<fee_type><![CDATA[CNY]]></fee_type>
<is_subscribe><![CDATA[N]]></is_subscribe>
<mch_id><![CDATA[1500086022]]></mch_id>
<nonce_str><![CDATA[XCyhZYDb5T370ikn]]></nonce_str>
<openid><![CDATA[osZaFw2wmbQ5Qv1KQHNaK2IGAG6o]]></openid>
<out_trade_no><![CDATA[1902261343902213842]]></out_trade_no>
<result_code><![CDATA[SUCCESS]]></result_code>
<return_code><![CDATA[SUCCESS]]></return_code>
<sign><![CDATA[A20B9D5D0565DFA8DEF7B1FAF090E5CF]]></sign>
<time_end><![CDATA[20190226160526]]></time_end>
<total_fee>1</total_fee>
<trade_type><![CDATA[NATIVE]]></trade_type>
<transaction_id><![CDATA[4200000257201902263423953838]]></transaction_id>
</xml>
<<<<<<<2019-02-26 16:47:14
<xml><appid><![CDATA[wxd5af665b240b75d4]]></appid>
<bank_type><![CDATA[CFT]]></bank_type>
<cash_fee><![CDATA[1]]></cash_fee>
<fee_type><![CDATA[CNY]]></fee_type>
<is_subscribe><![CDATA[N]]></is_subscribe>
<mch_id><![CDATA[1500086022]]></mch_id>
<nonce_str><![CDATA[XCyhZYDb5T370ikn]]></nonce_str>
<openid><![CDATA[osZaFw2wmbQ5Qv1KQHNaK2IGAG6o]]></openid>
<out_trade_no><![CDATA[1902261343902213842]]></out_trade_no>
<result_code><![CDATA[SUCCESS]]></result_code>
<return_code><![CDATA[SUCCESS]]></return_code>
<sign><![CDATA[A20B9D5D0565DFA8DEF7B1FAF090E5CF]]></sign>
<time_end><![CDATA[20190226160526]]></time_end>
<total_fee>1</total_fee>
<trade_type><![CDATA[NATIVE]]></trade_type>
<transaction_id><![CDATA[4200000257201902263423953838]]></transaction_id>
</xml>
<<<<<<<2019-02-26 16:47:42
<xml><appid><![CDATA[wxd5af665b240b75d4]]></appid>
<bank_type><![CDATA[CFT]]></bank_type>
<cash_fee><![CDATA[1]]></cash_fee>
<fee_type><![CDATA[CNY]]></fee_type>
<is_subscribe><![CDATA[N]]></is_subscribe>
<mch_id><![CDATA[1500086022]]></mch_id>
<nonce_str><![CDATA[XCyhZYDb5T370ikn]]></nonce_str>
<openid><![CDATA[osZaFw2wmbQ5Qv1KQHNaK2IGAG6o]]></openid>
<out_trade_no><![CDATA[1902261343902213842]]></out_trade_no>
<result_code><![CDATA[SUCCESS]]></result_code>
<return_code><![CDATA[SUCCESS]]></return_code>
<sign><![CDATA[A20B9D5D0565DFA8DEF7B1FAF090E5CF]]></sign>
<time_end><![CDATA[20190226160526]]></time_end>
<total_fee>1</total_fee>
<trade_type><![CDATA[NATIVE]]></trade_type>
<transaction_id><![CDATA[4200000257201902263423953838]]></transaction_id>
</xml>
<<<<<<<2019-02-26 16:47:58
<xml><appid><![CDATA[wxd5af665b240b75d4]]></appid>
<bank_type><![CDATA[CFT]]></bank_type>
<cash_fee><![CDATA[1]]></cash_fee>
<fee_type><![CDATA[CNY]]></fee_type>
<is_subscribe><![CDATA[N]]></is_subscribe>
<mch_id><![CDATA[1500086022]]></mch_id>
<nonce_str><![CDATA[XCyhZYDb5T370ikn]]></nonce_str>
<openid><![CDATA[osZaFw2wmbQ5Qv1KQHNaK2IGAG6o]]></openid>
<out_trade_no><![CDATA[1902261343902213842]]></out_trade_no>
<result_code><![CDATA[SUCCESS]]></result_code>
<return_code><![CDATA[SUCCESS]]></return_code>
<sign><![CDATA[A20B9D5D0565DFA8DEF7B1FAF090E5CF]]></sign>
<time_end><![CDATA[20190226160526]]></time_end>
<total_fee>1</total_fee>
<trade_type><![CDATA[NATIVE]]></trade_type>
<transaction_id><![CDATA[4200000257201902263423953838]]></transaction_id>
</xml>
<<<<<<<2019-02-26 16:48:44
<xml><appid><![CDATA[wxd5af665b240b75d4]]></appid>
<bank_type><![CDATA[CFT]]></bank_type>
<cash_fee><![CDATA[1]]></cash_fee>
<fee_type><![CDATA[CNY]]></fee_type>
<is_subscribe><![CDATA[N]]></is_subscribe>
<mch_id><![CDATA[1500086022]]></mch_id>
<nonce_str><![CDATA[XCyhZYDb5T370ikn]]></nonce_str>
<openid><![CDATA[osZaFw2wmbQ5Qv1KQHNaK2IGAG6o]]></openid>
<out_trade_no><![CDATA[1902261343902213842]]></out_trade_no>
<result_code><![CDATA[SUCCESS]]></result_code>
<return_code><![CDATA[SUCCESS]]></return_code>
<sign><![CDATA[A20B9D5D0565DFA8DEF7B1FAF090E5CF]]></sign>
<time_end><![CDATA[20190226160526]]></time_end>
<total_fee>1</total_fee>
<trade_type><![CDATA[NATIVE]]></trade_type>
<transaction_id><![CDATA[4200000257201902263423953838]]></transaction_id>
</xml>
<<<<<<<2019-02-26 16:55:49
<xml><appid><![CDATA[wxd5af665b240b75d4]]></appid>
<bank_type><![CDATA[CFT]]></bank_type>
<cash_fee><![CDATA[1]]></cash_fee>
<fee_type><![CDATA[CNY]]></fee_type>
<is_subscribe><![CDATA[N]]></is_subscribe>
<mch_id><![CDATA[1500086022]]></mch_id>
<nonce_str><![CDATA[XCyhZYDb5T370ikn]]></nonce_str>
<openid><![CDATA[osZaFw2wmbQ5Qv1KQHNaK2IGAG6o]]></openid>
<out_trade_no><![CDATA[1902261343902213842]]></out_trade_no>
<result_code><![CDATA[SUCCESS]]></result_code>
<return_code><![CDATA[SUCCESS]]></return_code>
<sign><![CDATA[A20B9D5D0565DFA8DEF7B1FAF090E5CF]]></sign>
<time_end><![CDATA[20190226160526]]></time_end>
<total_fee>1</total_fee>
<trade_type><![CDATA[NATIVE]]></trade_type>
<transaction_id><![CDATA[4200000257201902263423953838]]></transaction_id>
</xml>
<<<<<<<2019-02-26 16:57:10
<xml><appid><![CDATA[wxd5af665b240b75d4]]></appid>
<bank_type><![CDATA[CFT]]></bank_type>
<cash_fee><![CDATA[1]]></cash_fee>
<fee_type><![CDATA[CNY]]></fee_type>
<is_subscribe><![CDATA[N]]></is_subscribe>
<mch_id><![CDATA[1500086022]]></mch_id>
<nonce_str><![CDATA[XCyhZYDb5T370ikn]]></nonce_str>
<openid><![CDATA[osZaFw2wmbQ5Qv1KQHNaK2IGAG6o]]></openid>
<out_trade_no><![CDATA[1902261343902213842]]></out_trade_no>
<result_code><![CDATA[SUCCESS]]></result_code>
<return_code><![CDATA[SUCCESS]]></return_code>
<sign><![CDATA[A20B9D5D0565DFA8DEF7B1FAF090E5CF]]></sign>
<time_end><![CDATA[20190226160526]]></time_end>
<total_fee>1</total_fee>
<trade_type><![CDATA[NATIVE]]></trade_type>
<transaction_id><![CDATA[4200000257201902263423953838]]></transaction_id>
</xml>
<<<<<<<2019-02-26 16:57:44
<xml><appid><![CDATA[wxd5af665b240b75d4]]></appid>
<bank_type><![CDATA[CFT]]></bank_type>
<cash_fee><![CDATA[1]]></cash_fee>
<fee_type><![CDATA[CNY]]></fee_type>
<is_subscribe><![CDATA[N]]></is_subscribe>
<mch_id><![CDATA[1500086022]]></mch_id>
<nonce_str><![CDATA[XCyhZYDb5T370ikn]]></nonce_str>
<openid><![CDATA[osZaFw2wmbQ5Qv1KQHNaK2IGAG6o]]></openid>
<out_trade_no><![CDATA[1902261343902213842]]></out_trade_no>
<result_code><![CDATA[SUCCESS]]></result_code>
<return_code><![CDATA[SUCCESS]]></return_code>
<sign><![CDATA[A20B9D5D0565DFA8DEF7B1FAF090E5CF]]></sign>
<time_end><![CDATA[20190226160526]]></time_end>
<total_fee>1</total_fee>
<trade_type><![CDATA[NATIVE]]></trade_type>
<transaction_id><![CDATA[4200000257201902263423953838]]></transaction_id>
</xml>
<<<<<<<2019-02-26 16:58:15
<xml><appid><![CDATA[wxd5af665b240b75d4]]></appid>
<bank_type><![CDATA[CFT]]></bank_type>
<cash_fee><![CDATA[1]]></cash_fee>
<fee_type><![CDATA[CNY]]></fee_type>
<is_subscribe><![CDATA[N]]></is_subscribe>
<mch_id><![CDATA[1500086022]]></mch_id>
<nonce_str><![CDATA[XCyhZYDb5T370ikn]]></nonce_str>
<openid><![CDATA[osZaFw2wmbQ5Qv1KQHNaK2IGAG6o]]></openid>
<out_trade_no><![CDATA[1902261343902213842]]></out_trade_no>
<result_code><![CDATA[SUCCESS]]></result_code>
<return_code><![CDATA[SUCCESS]]></return_code>
<sign><![CDATA[A20B9D5D0565DFA8DEF7B1FAF090E5CF]]></sign>
<time_end><![CDATA[20190226160526]]></time_end>
<total_fee>1</total_fee>
<trade_type><![CDATA[NATIVE]]></trade_type>
<transaction_id><![CDATA[4200000257201902263423953838]]></transaction_id>
</xml>
<<<<<<<2019-02-26 16:58:45
<xml><appid><![CDATA[wxd5af665b240b75d4]]></appid>
<bank_type><![CDATA[CFT]]></bank_type>
<cash_fee><![CDATA[1]]></cash_fee>
<fee_type><![CDATA[CNY]]></fee_type>
<is_subscribe><![CDATA[N]]></is_subscribe>
<mch_id><![CDATA[1500086022]]></mch_id>
<nonce_str><![CDATA[XCyhZYDb5T370ikn]]></nonce_str>
<openid><![CDATA[osZaFw2wmbQ5Qv1KQHNaK2IGAG6o]]></openid>
<out_trade_no><![CDATA[1902261343902213842]]></out_trade_no>
<result_code><![CDATA[SUCCESS]]></result_code>
<return_code><![CDATA[SUCCESS]]></return_code>
<sign><![CDATA[A20B9D5D0565DFA8DEF7B1FAF090E5CF]]></sign>
<time_end><![CDATA[20190226160526]]></time_end>
<total_fee>1</total_fee>
<trade_type><![CDATA[NATIVE]]></trade_type>
<transaction_id><![CDATA[4200000257201902263423953838]]></transaction_id>
</xml>
<<<<<<<2019-02-26 16:59:06
<xml><appid><![CDATA[wxd5af665b240b75d4]]></appid>
<bank_type><![CDATA[CFT]]></bank_type>
<cash_fee><![CDATA[1]]></cash_fee>
<fee_type><![CDATA[CNY]]></fee_type>
<is_subscribe><![CDATA[N]]></is_subscribe>
<mch_id><![CDATA[1500086022]]></mch_id>
<nonce_str><![CDATA[XCyhZYDb5T370ikn]]></nonce_str>
<openid><![CDATA[osZaFw2wmbQ5Qv1KQHNaK2IGAG6o]]></openid>
<out_trade_no><![CDATA[1902261343902213842]]></out_trade_no>
<result_code><![CDATA[SUCCESS]]></result_code>
<return_code><![CDATA[SUCCESS]]></return_code>
<sign><![CDATA[A20B9D5D0565DFA8DEF7B1FAF090E5CF]]></sign>
<time_end><![CDATA[20190226160526]]></time_end>
<total_fee>1</total_fee>
<trade_type><![CDATA[NATIVE]]></trade_type>
<transaction_id><![CDATA[4200000257201902263423953838]]></transaction_id>
</xml>
<<<<<<<2019-02-26 17:00:05
<xml><appid><![CDATA[wxd5af665b240b75d4]]></appid>
<bank_type><![CDATA[CFT]]></bank_type>
<cash_fee><![CDATA[1]]></cash_fee>
<fee_type><![CDATA[CNY]]></fee_type>
<is_subscribe><![CDATA[N]]></is_subscribe>
<mch_id><![CDATA[1500086022]]></mch_id>
<nonce_str><![CDATA[XCyhZYDb5T370ikn]]></nonce_str>
<openid><![CDATA[osZaFw2wmbQ5Qv1KQHNaK2IGAG6o]]></openid>
<out_trade_no><![CDATA[1902261343902213842]]></out_trade_no>
<result_code><![CDATA[SUCCESS]]></result_code>
<return_code><![CDATA[SUCCESS]]></return_code>
<sign><![CDATA[A20B9D5D0565DFA8DEF7B1FAF090E5CF]]></sign>
<time_end><![CDATA[20190226160526]]></time_end>
<total_fee>1</total_fee>
<trade_type><![CDATA[NATIVE]]></trade_type>
<transaction_id><![CDATA[4200000257201902263423953838]]></transaction_id>
</xml>
<<<<<<<2019-02-26 18:22:54
<xml><appid><![CDATA[wxd5af665b240b75d4]]></appid>
<bank_type><![CDATA[CFT]]></bank_type>
<cash_fee><![CDATA[1]]></cash_fee>
<fee_type><![CDATA[CNY]]></fee_type>
<is_subscribe><![CDATA[N]]></is_subscribe>
<mch_id><![CDATA[1500086022]]></mch_id>
<nonce_str><![CDATA[XCyhZYDb5T370ikn]]></nonce_str>
<openid><![CDATA[osZaFw2wmbQ5Qv1KQHNaK2IGAG6o]]></openid>
<out_trade_no><![CDATA[1902181415579974689]]></out_trade_no>
<result_code><![CDATA[SUCCESS]]></result_code>
<return_code><![CDATA[SUCCESS]]></return_code>
<sign><![CDATA[A20B9D5D0565DFA8DEF7B1FAF090E5CF]]></sign>
<time_end><![CDATA[20190226160526]]></time_end>
<total_fee>1</total_fee>
<trade_type><![CDATA[NATIVE]]></trade_type>
<transaction_id><![CDATA[4200000257201902263423953838]]></transaction_id>
</xml>
<<<<<<<2019-02-26 18:24:25
<xml><appid><![CDATA[wxd5af665b240b75d4]]></appid>
<bank_type><![CDATA[CFT]]></bank_type>
<cash_fee><![CDATA[1]]></cash_fee>
<fee_type><![CDATA[CNY]]></fee_type>
<is_subscribe><![CDATA[N]]></is_subscribe>
<mch_id><![CDATA[1500086022]]></mch_id>
<nonce_str><![CDATA[Io9p1jkMdmj4ySri]]></nonce_str>
<openid><![CDATA[osZaFw2wmbQ5Qv1KQHNaK2IGAG6o]]></openid>
<out_trade_no><![CDATA[1902181415579974689]]></out_trade_no>
<result_code><![CDATA[SUCCESS]]></result_code>
<return_code><![CDATA[SUCCESS]]></return_code>
<sign><![CDATA[BAEE768E1A0F38130E314E70878669B3]]></sign>
<time_end><![CDATA[20190226182122]]></time_end>
<total_fee>1</total_fee>
<trade_type><![CDATA[NATIVE]]></trade_type>
<transaction_id><![CDATA[4200000246201902260380447703]]></transaction_id>
</xml>
<<<<<<<2019-02-26 18:25:23
<xml><appid><![CDATA[wxd5af665b240b75d4]]></appid>
<bank_type><![CDATA[CFT]]></bank_type>
<cash_fee><![CDATA[1]]></cash_fee>
<fee_type><![CDATA[CNY]]></fee_type>
<is_subscribe><![CDATA[N]]></is_subscribe>
<mch_id><![CDATA[1500086022]]></mch_id>
<nonce_str><![CDATA[Io9p1jkMdmj4ySri]]></nonce_str>
<openid><![CDATA[osZaFw2wmbQ5Qv1KQHNaK2IGAG6o]]></openid>
<out_trade_no><![CDATA[1902181415579974689]]></out_trade_no>
<result_code><![CDATA[SUCCESS]]></result_code>
<return_code><![CDATA[SUCCESS]]></return_code>
<sign><![CDATA[BAEE768E1A0F38130E314E70878669B3]]></sign>
<time_end><![CDATA[20190226182122]]></time_end>
<total_fee>1</total_fee>
<trade_type><![CDATA[NATIVE]]></trade_type>
<transaction_id><![CDATA[4200000246201902260380447703]]></transaction_id>
</xml>
<<<<<<<2019-02-26 18:27:40
<xml><appid><![CDATA[wxd5af665b240b75d4]]></appid>
<bank_type><![CDATA[CFT]]></bank_type>
<cash_fee><![CDATA[1]]></cash_fee>
<fee_type><![CDATA[CNY]]></fee_type>
<is_subscribe><![CDATA[N]]></is_subscribe>
<mch_id><![CDATA[1500086022]]></mch_id>
<nonce_str><![CDATA[Io9p1jkMdmj4ySri]]></nonce_str>
<openid><![CDATA[osZaFw2wmbQ5Qv1KQHNaK2IGAG6o]]></openid>
<out_trade_no><![CDATA[1902181415579974689]]></out_trade_no>
<result_code><![CDATA[SUCCESS]]></result_code>
<return_code><![CDATA[SUCCESS]]></return_code>
<sign><![CDATA[BAEE768E1A0F38130E314E70878669B3]]></sign>
<time_end><![CDATA[20190226182122]]></time_end>
<total_fee>1</total_fee>
<trade_type><![CDATA[NATIVE]]></trade_type>
<transaction_id><![CDATA[4200000246201902260380447703]]></transaction_id>
</xml>
<<<<<<<2019-02-26 18:28:18
<xml><appid><![CDATA[wxd5af665b240b75d4]]></appid>
<bank_type><![CDATA[CFT]]></bank_type>
<cash_fee><![CDATA[1]]></cash_fee>
<fee_type><![CDATA[CNY]]></fee_type>
<is_subscribe><![CDATA[N]]></is_subscribe>
<mch_id><![CDATA[1500086022]]></mch_id>
<nonce_str><![CDATA[Io9p1jkMdmj4ySri]]></nonce_str>
<openid><![CDATA[osZaFw2wmbQ5Qv1KQHNaK2IGAG6o]]></openid>
<out_trade_no><![CDATA[1902181415579974689]]></out_trade_no>
<result_code><![CDATA[SUCCESS]]></result_code>
<return_code><![CDATA[SUCCESS]]></return_code>
<sign><![CDATA[BAEE768E1A0F38130E314E70878669B3]]></sign>
<time_end><![CDATA[20190226182122]]></time_end>
<total_fee>1</total_fee>
<trade_type><![CDATA[NATIVE]]></trade_type>
<transaction_id><![CDATA[4200000246201902260380447703]]></transaction_id>
</xml>
<<<<<<<2019-02-26 18:28:27
<xml><appid><![CDATA[wxd5af665b240b75d4]]></appid>
<bank_type><![CDATA[CFT]]></bank_type>
<cash_fee><![CDATA[1]]></cash_fee>
<fee_type><![CDATA[CNY]]></fee_type>
<is_subscribe><![CDATA[N]]></is_subscribe>
<mch_id><![CDATA[1500086022]]></mch_id>
<nonce_str><![CDATA[Io9p1jkMdmj4ySri]]></nonce_str>
<openid><![CDATA[osZaFw2wmbQ5Qv1KQHNaK2IGAG6o]]></openid>
<out_trade_no><![CDATA[1902181415579974689]]></out_trade_no>
<result_code><![CDATA[SUCCESS]]></result_code>
<return_code><![CDATA[SUCCESS]]></return_code>
<sign><![CDATA[BAEE768E1A0F38130E314E70878669B3]]></sign>
<time_end><![CDATA[20190226182122]]></time_end>
<total_fee>1</total_fee>
<trade_type><![CDATA[NATIVE]]></trade_type>
<transaction_id><![CDATA[4200000246201902260380447703]]></transaction_id>
</xml>
<<<<<<<